DEBUG:urllib3.connectionpool:Starting new HTTP connection (1): localhost:8080
DEBUG:urllib3.connectionpool:http://localhost:8080 "GET /topology?name=BD2 HTTP/1.1" 503 None
DEBUG:urllib3.connectionpool:Starting new HTTP connection (1): localhost:8080
DEBUG:urllib3.connectionpool:http://localhost:8080 "GET /topology?name=BD2 HTTP/1.1" 503 None
DEBUG:root:Database BD2 does not exists
DEBUG:urllib3.connectionpool:Starting new HTTP connection (1): localhost:8080
DEBUG:urllib3.connectionpool:http://localhost:8080 "GET /topology?name=BD2 HTTP/1.1" 200 None
DEBUG:urllib3.connectionpool:Starting new HTTP connection (1): localhost:8080
DEBUG:urllib3.connectionpool:http://localhost:8080 "GET /databases/BD2/docs?&id=users%2FADASDASDASDASDASD HTTP/1.1" 404 0
DEBUG:urllib3.connectionpool:Starting new HTTP connection (1): localhost:8080
DEBUG:urllib3.connectionpool:http://localhost:8080 "POST /databases/BD2/bulk_docs HTTP/1.1" 201 None
DEBUG:urllib3.connectionpool:Starting new HTTP connection (1): localhost:8080
DEBUG:urllib3.connectionpool:http://localhost:8080 "GET /topology?name=BD2 HTTP/1.1" 200 None
DEBUG:urllib3.connectionpool:Starting new HTTP connection (1): localhost:8080
DEBUG:urllib3.connectionpool:http://localhost:8080 "GET /databases/BD2/docs?&id=users%2Fteste HTTP/1.1" 404 0
DEBUG:urllib3.connectionpool:Starting new HTTP connection (1): localhost:8080
DEBUG:urllib3.connectionpool:http://localhost:8080 "POST /databases/BD2/bulk_docs HTTP/1.1" 201 None
DEBUG:urllib3.connectionpool:Starting new HTTP connection (1): localhost:8080
DEBUG:urllib3.connectionpool:http://localhost:8080 "GET /databases/BD2/docs?&id=users%2Fteste HTTP/1.1" 200 None
DEBUG:urllib3.connectionpool:Starting new HTTP connection (1): localhost:8080
DEBUG:urllib3.connectionpool:http://localhost:8080 "POST /databases/BD2/bulk_docs HTTP/1.1" 201 None
DEBUG:root:Executing query 'FROM UserDocuments WHERE Username = $p0' on index 'dynamic'
DEBUG:urllib3.connectionpool:Starting new HTTP connection (1): localhost:8080
DEBUG:urllib3.connectionpool:http://localhost:8080 "GET /topology?name=Redes1 HTTP/1.1" 503 None
DEBUG:urllib3.connectionpool:Starting new HTTP connection (1): localhost:8080
DEBUG:urllib3.connectionpool:http://localhost:8080 "GET /topology?name=Redes1 HTTP/1.1" 503 None
DEBUG:root:Database Redes1 does not exists
DEBUG:root:Executing query 'FROM UserDocuments WHERE Username = $p0' on index 'dynamic'
DEBUG:urllib3.connectionpool:Starting new HTTP connection (1): localhost:8080
DEBUG:urllib3.connectionpool:http://localhost:8080 "GET /topology?name=BD2 HTTP/1.1" 200 None
DEBUG:urllib3.connectionpool:Starting new HTTP connection (1): localhost:8080
DEBUG:urllib3.connectionpool:http://localhost:8080 "POST /databases/BD2/queries?query-hash=-400901345041360039 HTTP/1.1" 200 None
DEBUG:root:Executing query 'FROM UserDocuments WHERE Username = $p0' on index 'dynamic'
DEBUG:urllib3.connectionpool:Starting new HTTP connection (1): localhost:8080
DEBUG:urllib3.connectionpool:http://localhost:8080 "GET /topology?name=BD2 HTTP/1.1" 200 None
DEBUG:urllib3.connectionpool:Starting new HTTP connection (1): localhost:8080
DEBUG:urllib3.connectionpool:http://localhost:8080 "POST /databases/BD2/queries?query-hash=462275958243866896 HTTP/1.1" 200 None
DEBUG:root:Executing query 'FROM UserDocuments WHERE Username = $p0' on index 'dynamic'
DEBUG:urllib3.connectionpool:Starting new HTTP connection (1): localhost:8080
DEBUG:urllib3.connectionpool:http://localhost:8080 "GET /topology?name=BD2 HTTP/1.1" 200 None
DEBUG:urllib3.connectionpool:Starting new HTTP connection (1): localhost:8080
DEBUG:urllib3.connectionpool:http://localhost:8080 "POST /databases/BD2/queries?query-hash=-741638490121936694 HTTP/1.1" 200 None
DEBUG:root:Executing query 'FROM UserDocuments WHERE Username = $p0' on index 'dynamic'
DEBUG:urllib3.connectionpool:Starting new HTTP connection (1): localhost:8080
DEBUG:urllib3.connectionpool:http://localhost:8080 "GET /topology?name=BD2 HTTP/1.1" 200 None
DEBUG:urllib3.connectionpool:Starting new HTTP connection (1): localhost:8080
DEBUG:urllib3.connectionpool:http://localhost:8080 "POST /databases/BD2/queries?query-hash=4820254817462235794 HTTP/1.1" 200 None
DEBUG:root:Executing query 'FROM UserDocuments WHERE Username = $p0 SELECT Total' on index 'dynamic'
DEBUG:urllib3.connectionpool:Starting new HTTP connection (1): localhost:8080
DEBUG:urllib3.connectionpool:http://localhost:8080 "GET /topology?name=BD2 HTTP/1.1" 200 None
DEBUG:urllib3.connectionpool:Starting new HTTP connection (1): localhost:8080
DEBUG:urllib3.connectionpool:http://localhost:8080 "POST /databases/BD2/queries?query-hash=3273650362851428816 HTTP/1.1" 200 None
DEBUG:root:Executing query 'FROM UserDocuments WHERE Username = $p0 SELECT Total' on index 'dynamic'
DEBUG:urllib3.connectionpool:Starting new HTTP connection (1): localhost:8080
DEBUG:urllib3.connectionpool:http://localhost:8080 "GET /topology?name=BD2 HTTP/1.1" 200 None
DEBUG:urllib3.connectionpool:Starting new HTTP connection (1): localhost:8080
DEBUG:urllib3.connectionpool:http://localhost:8080 "POST /databases/BD2/queries?query-hash=367883697352121446 HTTP/1.1" 200 None
DEBUG:root:Executing query 'FROM UserDocuments WHERE Username = $p0 SELECT Total' on index 'dynamic'
DEBUG:urllib3.connectionpool:Starting new HTTP connection (1): localhost:8080
DEBUG:urllib3.connectionpool:http://localhost:8080 "GET /topology?name=BD2 HTTP/1.1" 200 None
DEBUG:urllib3.connectionpool:Starting new HTTP connection (1): localhost:8080
DEBUG:urllib3.connectionpool:http://localhost:8080 "POST /databases/BD2/queries?query-hash=8049153976772397731 HTTP/1.1" 200 None
DEBUG:root:Executing query 'FROM UserDocuments WHERE Username = $p0 SELECT Total' on index 'dynamic'
DEBUG:urllib3.connectionpool:Starting new HTTP connection (1): localhost:8080
DEBUG:urllib3.connectionpool:http://localhost:8080 "GET /topology?name=BD2 HTTP/1.1" 200 None
DEBUG:urllib3.connectionpool:Starting new HTTP connection (1): localhost:8080
DEBUG:urllib3.connectionpool:http://localhost:8080 "POST /databases/BD2/queries?query-hash=-9000855760880569369 HTTP/1.1" 200 None
DEBUG:root:Executing query 'FROM UserDocuments WHERE Username = $p0' on index 'dynamic'
DEBUG:urllib3.connectionpool:Starting new HTTP connection (1): localhost:8080
DEBUG:urllib3.connectionpool:http://localhost:8080 "GET /topology?name=BD2 HTTP/1.1" 200 None
DEBUG:urllib3.connectionpool:Starting new HTTP connection (1): localhost:8080
DEBUG:urllib3.connectionpool:http://localhost:8080 "POST /databases/BD2/queries?query-hash=-7969317670119875658 HTTP/1.1" 200 None
DEBUG:root:Executing query 'FROM UserDocuments WHERE Username = $p0' on index 'dynamic'
DEBUG:urllib3.connectionpool:Starting new HTTP connection (1): localhost:8080
DEBUG:urllib3.connectionpool:http://localhost:8080 "GET /topology?name=BD2 HTTP/1.1" 200 None
DEBUG:urllib3.connectionpool:Starting new HTTP connection (1): localhost:8080
DEBUG:urllib3.connectionpool:http://localhost:8080 "POST /databases/BD2/queries?query-hash=-1329948669318535465 HTTP/1.1" 200 None
DEBUG:root:Executing query 'FROM UserDocuments WHERE Username = $p0' on index 'dynamic'
DEBUG:urllib3.connectionpool:Starting new HTTP connection (1): localhost:8080
DEBUG:urllib3.connectionpool:http://localhost:8080 "GET /topology?name=BD2 HTTP/1.1" 200 None
DEBUG:root:Executing query 'FROM UserDocuments WHERE Username = $p0' on index 'dynamic'
DEBUG:root:Executing query 'FROM UserDocuments WHERE Username = $p0' on index 'dynamic'
DEBUG:urllib3.connectionpool:Starting new HTTP connection (1): localhost:8080
DEBUG:urllib3.connectionpool:http://localhost:8080 "GET /topology?name=BD2 HTTP/1.1" 200 None
DEBUG:root:Executing query 'FROM UserDocuments WHERE Username = $p0' on index 'dynamic'
DEBUG:urllib3.connectionpool:Starting new HTTP connection (1): localhost:8080
DEBUG:urllib3.connectionpool:http://localhost:8080 "GET /topology?name=BD2 HTTP/1.1" 200 None
DEBUG:root:Executing query 'FROM UserDocuments WHERE Username = $p0' on index 'dynamic'
DEBUG:urllib3.connectionpool:Starting new HTTP connection (1): localhost:8080
DEBUG:urllib3.connectionpool:http://localhost:8080 "GET /topology?name=BD2 HTTP/1.1" 200 None
DEBUG:urllib3.connectionpool:Starting new HTTP connection (1): localhost:8080
DEBUG:urllib3.connectionpool:http://localhost:8080 "POST /databases/BD2/queries?query-hash=1014568203867847411 HTTP/1.1" 200 None
DEBUG:root:Executing query 'FROM UserDocuments WHERE Username = $p0' on index 'dynamic'
DEBUG:urllib3.connectionpool:Starting new HTTP connection (1): localhost:8080
DEBUG:urllib3.connectionpool:http://localhost:8080 "GET /topology?name=BD2 HTTP/1.1" 200 None
DEBUG:urllib3.connectionpool:Starting new HTTP connection (1): localhost:8080
DEBUG:urllib3.connectionpool:http://localhost:8080 "POST /databases/BD2/queries?query-hash=3262117658466507175 HTTP/1.1" 200 None
DEBUG:root:Executing query 'FROM UserDocuments WHERE Username = $p0' on index 'dynamic'
DEBUG:urllib3.connectionpool:Starting new HTTP connection (1): localhost:8080
DEBUG:urllib3.connectionpool:http://localhost:8080 "GET /topology?name=BD2 HTTP/1.1" 200 None
DEBUG:urllib3.connectionpool:Starting new HTTP connection (1): localhost:8080
DEBUG:urllib3.connectionpool:http://localhost:8080 "POST /databases/BD2/queries?query-hash=-3591185348095866283 HTTP/1.1" 200 None
DEBUG:root:Executing query 'FROM UserDocuments WHERE Username = $p0' on index 'dynamic'
DEBUG:urllib3.connectionpool:Starting new HTTP connection (1): localhost:8080
DEBUG:urllib3.connectionpool:http://localhost:8080 "GET /topology?name=BD2 HTTP/1.1" 200 None
DEBUG:urllib3.connectionpool:Starting new HTTP connection (1): localhost:8080
DEBUG:urllib3.connectionpool:http://localhost:8080 "POST /databases/BD2/queries?query-hash=5653839490412280826 HTTP/1.1" 200 None
DEBUG:urllib3.connectionpool:Starting new HTTP connection (1): localhost:8080
DEBUG:urllib3.connectionpool:http://localhost:8080 "GET /topology?name=BD2 HTTP/1.1" 200 None
DEBUG:root:Executing query 'FROM UserDocuments WHERE Username = $p0' on index 'dynamic'
DEBUG:urllib3.connectionpool:Starting new HTTP connection (1): localhost:8080
DEBUG:urllib3.connectionpool:http://localhost:8080 "GET /topology?name=BD2 HTTP/1.1" 200 None
DEBUG:urllib3.connectionpool:Starting new HTTP connection (1): localhost:8080
DEBUG:urllib3.connectionpool:http://localhost:8080 "POST /databases/BD2/queries?query-hash=-4842993569283126147 HTTP/1.1" 200 None
DEBUG:root:Executing query 'FROM UserDocuments WHERE Username = $p0' on index 'dynamic'
DEBUG:urllib3.connectionpool:Starting new HTTP connection (1): localhost:8080
DEBUG:urllib3.connectionpool:http://localhost:8080 "POST /databases/BD2/queries?query-hash=-1462343865769812258 HTTP/1.1" 200 None
DEBUG:root:Executing query 'FROM UserDocuments WHERE Username = $p0' on index 'dynamic'
DEBUG:urllib3.connectionpool:Starting new HTTP connection (1): localhost:8080
DEBUG:urllib3.connectionpool:http://localhost:8080 "POST /databases/BD2/queries?query-hash=-781229300522356491 HTTP/1.1" 200 None
DEBUG:root:Executing query 'FROM UserDocuments WHERE Username = $p0' on index 'dynamic'
DEBUG:urllib3.connectionpool:Starting new HTTP connection (1): localhost:8080
DEBUG:urllib3.connectionpool:http://localhost:8080 "GET /topology?name=BD2 HTTP/1.1" 200 None
DEBUG:urllib3.connectionpool:Starting new HTTP connection (1): localhost:8080
DEBUG:urllib3.connectionpool:http://localhost:8080 "POST /databases/BD2/queries?query-hash=-3667204356285821565 HTTP/1.1" 200 None
DEBUG:root:Executing query 'FROM UserDocuments WHERE Username = $p0' on index 'dynamic'
DEBUG:urllib3.connectionpool:Starting new HTTP connection (1): localhost:8080
DEBUG:urllib3.connectionpool:http://localhost:8080 "GET /topology?name=BD2 HTTP/1.1" 200 None
DEBUG:urllib3.connectionpool:Starting new HTTP connection (1): localhost:8080
DEBUG:urllib3.connectionpool:http://localhost:8080 "POST /databases/BD2/queries?query-hash=-4087462731975985792 HTTP/1.1" 200 None
DEBUG:root:Executing query 'FROM UserDocuments WHERE Username = $p0' on index 'dynamic'
DEBUG:urllib3.connectionpool:Starting new HTTP connection (1): localhost:8080
DEBUG:urllib3.connectionpool:http://localhost:8080 "GET /topology?name=BD2 HTTP/1.1" 200 None
DEBUG:urllib3.connectionpool:Starting new HTTP connection (1): localhost:8080
DEBUG:urllib3.connectionpool:http://localhost:8080 "POST /databases/BD2/queries?query-hash=-2234535308026236905 HTTP/1.1" 200 None
DEBUG:root:Executing query 'FROM UserDocuments WHERE Username = $p0' on index 'dynamic'
DEBUG:urllib3.connectionpool:Starting new HTTP connection (1): localhost:8080
DEBUG:urllib3.connectionpool:http://localhost:8080 "GET /topology?name=BD2 HTTP/1.1" 200 None
DEBUG:urllib3.connectionpool:Starting new HTTP connection (1): localhost:8080
DEBUG:urllib3.connectionpool:http://localhost:8080 "POST /databases/BD2/queries?query-hash=-8041139076434677199 HTTP/1.1" 200 None
DEBUG:root:Executing query 'FROM UserDocuments WHERE Username = $p0' on index 'dynamic'
DEBUG:urllib3.connectionpool:Starting new HTTP connection (1): localhost:8080
DEBUG:urllib3.connectionpool:http://localhost:8080 "GET /topology?name=BD2 HTTP/1.1" 200 None
DEBUG:urllib3.connectionpool:Starting new HTTP connection (1): localhost:8080
DEBUG:urllib3.connectionpool:http://localhost:8080 "POST /databases/BD2/queries?query-hash=1698491175977975181 HTTP/1.1" 200 None
DEBUG:root:Executing query 'FROM UserDocuments WHERE Username = $p0' on index 'dynamic'
DEBUG:urllib3.connectionpool:Starting new HTTP connection (1): localhost:8080
DEBUG:urllib3.connectionpool:http://localhost:8080 "GET /topology?name=BD2 HTTP/1.1" 200 None
DEBUG:urllib3.connectionpool:Starting new HTTP connection (1): localhost:8080
DEBUG:urllib3.connectionpool:http://localhost:8080 "POST /databases/BD2/queries?query-hash=-5319644760097544772 HTTP/1.1" 200 None
DEBUG:root:Executing query 'FROM UserDocuments WHERE Username = $p0' on index 'dynamic'
DEBUG:urllib3.connectionpool:Starting new HTTP connection (1): localhost:8080
DEBUG:urllib3.connectionpool:http://localhost:8080 "GET /topology?name=BD2 HTTP/1.1" 200 None
DEBUG:urllib3.connectionpool:Starting new HTTP connection (1): localhost:8080
DEBUG:urllib3.connectionpool:http://localhost:8080 "POST /databases/BD2/queries?query-hash=5034405874910339017 HTTP/1.1" 200 None
DEBUG:root:Executing query 'FROM UserDocuments WHERE Username = $p0' on index 'dynamic'
DEBUG:urllib3.connectionpool:Starting new HTTP connection (1): localhost:8080
DEBUG:urllib3.connectionpool:http://localhost:8080 "GET /topology?name=BD2 HTTP/1.1" 200 None
DEBUG:urllib3.connectionpool:Starting new HTTP connection (1): localhost:8080
DEBUG:urllib3.connectionpool:http://localhost:8080 "POST /databases/BD2/queries?query-hash=-918144866456747480 HTTP/1.1" 200 None
DEBUG:root:Executing query 'FROM UserDocuments WHERE Username = $p0' on index 'dynamic'
DEBUG:urllib3.connectionpool:Starting new HTTP connection (1): localhost:8080
DEBUG:urllib3.connectionpool:http://localhost:8080 "GET /topology?name=BD2 HTTP/1.1" 200 None
DEBUG:urllib3.connectionpool:Starting new HTTP connection (1): localhost:8080
DEBUG:urllib3.connectionpool:http://localhost:8080 "POST /databases/BD2/queries?query-hash=-1567285728438447212 HTTP/1.1" 200 None
DEBUG:root:Executing query 'FROM UserDocuments WHERE Username = $p0' on index 'dynamic'
DEBUG:urllib3.connectionpool:Starting new HTTP connection (1): localhost:8080
DEBUG:urllib3.connectionpool:http://localhost:8080 "GET /topology?name=BD2 HTTP/1.1" 200 None
DEBUG:urllib3.connectionpool:Starting new HTTP connection (1): localhost:8080
DEBUG:urllib3.connectionpool:http://localhost:8080 "POST /databases/BD2/queries?query-hash=-2212763564158662320 HTTP/1.1" 200 None
DEBUG:root:Executing query 'FROM UserDocuments WHERE Username = $p0' on index 'dynamic'
DEBUG:urllib3.connectionpool:Starting new HTTP connection (1): localhost:8080
DEBUG:urllib3.connectionpool:http://localhost:8080 "GET /topology?name=BD2 HTTP/1.1" 200 None
DEBUG:urllib3.connectionpool:Starting new HTTP connection (1): localhost:8080
DEBUG:urllib3.connectionpool:http://localhost:8080 "POST /databases/BD2/queries?query-hash=-5311340627823567292 HTTP/1.1" 200 None
DEBUG:root:Executing query 'FROM UserDocuments WHERE Username = $p0' on index 'dynamic'
DEBUG:urllib3.connectionpool:Starting new HTTP connection (1): localhost:8080
DEBUG:urllib3.connectionpool:http://localhost:8080 "GET /topology?name=BD2 HTTP/1.1" 200 None
DEBUG:urllib3.connectionpool:Starting new HTTP connection (1): localhost:8080
DEBUG:urllib3.connectionpool:http://localhost:8080 "POST /databases/BD2/queries?query-hash=-4264960276593775184 HTTP/1.1" 200 None
DEBUG:root:Executing query 'FROM UserDocuments WHERE Username = $p0' on index 'dynamic'
DEBUG:urllib3.connectionpool:Starting new HTTP connection (1): localhost:8080
DEBUG:urllib3.connectionpool:http://localhost:8080 "GET /topology?name=BD2 HTTP/1.1" 200 None
DEBUG:urllib3.connectionpool:Starting new HTTP connection (1): localhost:8080
DEBUG:urllib3.connectionpool:http://localhost:8080 "POST /databases/BD2/queries?query-hash=1597095441487879404 HTTP/1.1" 200 None
DEBUG:root:Executing query 'FROM UserDocuments WHERE Username = $p0' on index 'dynamic'
DEBUG:urllib3.connectionpool:Starting new HTTP connection (1): localhost:8080
DEBUG:urllib3.connectionpool:http://localhost:8080 "GET /topology?name=BD2 HTTP/1.1" 200 None
DEBUG:urllib3.connectionpool:Starting new HTTP connection (1): localhost:8080
DEBUG:urllib3.connectionpool:http://localhost:8080 "POST /databases/BD2/queries?query-hash=9150794557122410182 HTTP/1.1" 200 None
DEBUG:root:Executing query 'FROM UserDocuments WHERE Username = $p0' on index 'dynamic'
DEBUG:urllib3.connectionpool:Starting new HTTP connection (1): localhost:8080
DEBUG:urllib3.connectionpool:http://localhost:8080 "GET /topology?name=BD2 HTTP/1.1" 200 None
DEBUG:urllib3.connectionpool:Starting new HTTP connection (1): localhost:8080
DEBUG:urllib3.connectionpool:http://localhost:8080 "POST /databases/BD2/queries?query-hash=-6697934667483337463 HTTP/1.1" 200 None
DEBUG:root:Executing query 'FROM UserDocuments WHERE Username = $p0' on index 'dynamic'
DEBUG:urllib3.connectionpool:Starting new HTTP connection (1): localhost:8080
DEBUG:urllib3.connectionpool:http://localhost:8080 "GET /topology?name=BD2 HTTP/1.1" 200 None
DEBUG:urllib3.connectionpool:Starting new HTTP connection (1): localhost:8080
DEBUG:urllib3.connectionpool:http://localhost:8080 "POST /databases/BD2/queries?query-hash=-7572022770969623926 HTTP/1.1" 200 None
DEBUG:root:Executing query 'FROM UserDocuments WHERE Username = $p0' on index 'dynamic'
DEBUG:urllib3.connectionpool:Starting new HTTP connection (1): localhost:8080
DEBUG:urllib3.connectionpool:http://localhost:8080 "GET /topology?name=BD2 HTTP/1.1" 200 None
DEBUG:urllib3.connectionpool:Starting new HTTP connection (1): localhost:8080
DEBUG:urllib3.connectionpool:http://localhost:8080 "POST /databases/BD2/queries?query-hash=-3040575680673891936 HTTP/1.1" 200 None
DEBUG:root:Executing query 'FROM UserDocuments WHERE Username = $p0' on index 'dynamic'
DEBUG:urllib3.connectionpool:Starting new HTTP connection (1): localhost:8080
DEBUG:urllib3.connectionpool:http://localhost:8080 "GET /topology?name=BD2 HTTP/1.1" 200 None
DEBUG:urllib3.connectionpool:Starting new HTTP connection (1): localhost:8080
DEBUG:urllib3.connectionpool:http://localhost:8080 "POST /databases/BD2/queries?query-hash=-448497698597910087 HTTP/1.1" 200 None
DEBUG:root:Executing query 'FROM UserDocuments WHERE Username = $p0' on index 'dynamic'
DEBUG:urllib3.connectionpool:Starting new HTTP connection (1): localhost:8080
DEBUG:urllib3.connectionpool:http://localhost:8080 "GET /topology?name=BD2 HTTP/1.1" 200 None
DEBUG:urllib3.connectionpool:Starting new HTTP connection (1): localhost:8080
DEBUG:urllib3.connectionpool:http://localhost:8080 "POST /databases/BD2/queries?query-hash=-4640170822268617122 HTTP/1.1" 200 None
DEBUG:root:Executing query 'FROM UserDocuments WHERE Username = $p0' on index 'dynamic'
DEBUG:urllib3.connectionpool:Starting new HTTP connection (1): localhost:8080
DEBUG:urllib3.connectionpool:http://localhost:8080 "GET /topology?name=BD2 HTTP/1.1" 200 None
DEBUG:urllib3.connectionpool:Starting new HTTP connection (1): localhost:8080
DEBUG:urllib3.connectionpool:http://localhost:8080 "POST /databases/BD2/queries?query-hash=-3594247865796628662 HTTP/1.1" 200 None
DEBUG:root:Executing query 'FROM UserDocuments WHERE Username = $p0' on index 'dynamic'
DEBUG:urllib3.connectionpool:Starting new HTTP connection (1): localhost:8080
DEBUG:urllib3.connectionpool:http://localhost:8080 "POST /databases/BD2/queries?query-hash=-3594247865796628662 HTTP/1.1" 200 None
DEBUG:root:Executing query 'FROM UserDocuments WHERE Username = $p0' on index 'dynamic'
DEBUG:urllib3.connectionpool:Starting new HTTP connection (1): localhost:8080
DEBUG:urllib3.connectionpool:http://localhost:8080 "GET /topology?name=BD2 HTTP/1.1" 200 None
DEBUG:urllib3.connectionpool:Starting new HTTP connection (1): localhost:8080
DEBUG:urllib3.connectionpool:http://localhost:8080 "POST /databases/BD2/queries?query-hash=-2593000068218229677 HTTP/1.1" 200 None
DEBUG:root:Executing query 'FROM UserDocuments WHERE Username = $p0' on index 'dynamic'
DEBUG:urllib3.connectionpool:Starting new HTTP connection (1): localhost:8080
DEBUG:urllib3.connectionpool:http://localhost:8080 "GET /topology?name=BD2 HTTP/1.1" 200 None
DEBUG:urllib3.connectionpool:Starting new HTTP connection (1): localhost:8080
DEBUG:urllib3.connectionpool:http://localhost:8080 "POST /databases/BD2/queries?query-hash=-5057841269364199095 HTTP/1.1" 200 None
DEBUG:root:Executing query 'FROM UserDocuments WHERE Username = $p0' on index 'dynamic'
DEBUG:urllib3.connectionpool:Starting new HTTP connection (1): localhost:8080
DEBUG:urllib3.connectionpool:http://localhost:8080 "GET /topology?name=BD2 HTTP/1.1" 200 None
DEBUG:urllib3.connectionpool:Starting new HTTP connection (1): localhost:8080
DEBUG:urllib3.connectionpool:http://localhost:8080 "POST /databases/BD2/queries?query-hash=8214997053975603232 HTTP/1.1" 200 None
DEBUG:root:Executing query 'FROM UserDocuments WHERE Username = $p0' on index 'dynamic'
DEBUG:urllib3.connectionpool:Starting new HTTP connection (1): localhost:8080
DEBUG:urllib3.connectionpool:http://localhost:8080 "GET /topology?name=BD2 HTTP/1.1" 200 None
DEBUG:urllib3.connectionpool:Starting new HTTP connection (1): localhost:8080
DEBUG:urllib3.connectionpool:http://localhost:8080 "POST /databases/BD2/queries?query-hash=-6489901108449119448 HTTP/1.1" 200 None
DEBUG:root:Executing query 'FROM UserDocuments WHERE Username = $p0' on index 'dynamic'
DEBUG:urllib3.connectionpool:Starting new HTTP connection (1): localhost:8080
DEBUG:urllib3.connectionpool:http://localhost:8080 "GET /topology?name=BD2 HTTP/1.1" 200 None
DEBUG:urllib3.connectionpool:Starting new HTTP connection (1): localhost:8080
DEBUG:urllib3.connectionpool:http://localhost:8080 "POST /databases/BD2/queries?query-hash=937528233097426109 HTTP/1.1" 200 None
DEBUG:root:Executing query 'FROM UserDocuments WHERE Username = $p0' on index 'dynamic'
DEBUG:urllib3.connectionpool:Starting new HTTP connection (1): localhost:8080
DEBUG:urllib3.connectionpool:http://localhost:8080 "GET /topology?name=BD2 HTTP/1.1" 200 None
DEBUG:urllib3.connectionpool:Starting new HTTP connection (1): localhost:8080
DEBUG:urllib3.connectionpool:http://localhost:8080 "POST /databases/BD2/queries?query-hash=818944520872323020 HTTP/1.1" 200 None
DEBUG:root:Executing query 'FROM UserDocuments WHERE Username = $p0' on index 'dynamic'
DEBUG:urllib3.connectionpool:Starting new HTTP connection (1): localhost:8080
DEBUG:urllib3.connectionpool:http://localhost:8080 "GET /topology?name=BD2 HTTP/1.1" 200 None
DEBUG:urllib3.connectionpool:Starting new HTTP connection (1): localhost:8080
DEBUG:urllib3.connectionpool:http://localhost:8080 "POST /databases/BD2/queries?query-hash=-8359324596349758771 HTTP/1.1" 200 None
DEBUG:urllib3.connectionpool:Starting new HTTP connection (1): localhost:8080
DEBUG:urllib3.connectionpool:http://localhost:8080 "GET /topology?name=BD2 HTTP/1.1" 200 None
DEBUG:urllib3.connectionpool:Starting new HTTP connection (1): localhost:8080
DEBUG:urllib3.connectionpool:http://localhost:8080 "GET /databases/BD2/docs?&id=users%2FPedro HTTP/1.1" 404 0
DEBUG:urllib3.connectionpool:Starting new HTTP connection (1): localhost:8080
DEBUG:urllib3.connectionpool:http://localhost:8080 "POST /databases/BD2/bulk_docs HTTP/1.1" 201 None
DEBUG:root:Executing query 'FROM UserDocuments WHERE Username = $p0' on index 'dynamic'
DEBUG:urllib3.connectionpool:Starting new HTTP connection (1): localhost:8080
DEBUG:urllib3.connectionpool:http://localhost:8080 "POST /databases/BD2/queries?query-hash=-8359324596349758771 HTTP/1.1" 200 None
DEBUG:root:Executing query 'FROM UserDocuments WHERE Username = $p0' on index 'dynamic'
DEBUG:urllib3.connectionpool:Starting new HTTP connection (1): localhost:8080
DEBUG:urllib3.connectionpool:http://localhost:8080 "POST /databases/BD2/queries?query-hash=-8359324596349758771 HTTP/1.1" 200 None
DEBUG:urllib3.connectionpool:Starting new HTTP connection (1): localhost:8080
DEBUG:urllib3.connectionpool:http://localhost:8080 "GET /databases/BD2/docs?&id=users%2FPedro HTTP/1.1" 200 None
DEBUG:urllib3.connectionpool:Starting new HTTP connection (1): localhost:8080
DEBUG:urllib3.connectionpool:http://localhost:8080 "POST /databases/BD2/bulk_docs HTTP/1.1" 201 None
DEBUG:root:Executing query 'FROM UserDocuments WHERE Username = $p0' on index 'dynamic'
DEBUG:urllib3.connectionpool:Starting new HTTP connection (1): localhost:8080
DEBUG:urllib3.connectionpool:http://localhost:8080 "POST /databases/BD2/queries?query-hash=-8359324596349758771 HTTP/1.1" 200 None
DEBUG:urllib3.connectionpool:Starting new HTTP connection (1): localhost:8080
DEBUG:urllib3.connectionpool:http://localhost:8080 "GET /databases/BD2/docs?&id=users%2FPedro HTTP/1.1" 200 None
DEBUG:urllib3.connectionpool:Starting new HTTP connection (1): localhost:8080
DEBUG:urllib3.connectionpool:http://localhost:8080 "POST /databases/BD2/bulk_docs HTTP/1.1" 201 None
DEBUG:root:Executing query 'FROM UserDocuments WHERE Username = $p0' on index 'dynamic'
DEBUG:urllib3.connectionpool:Starting new HTTP connection (1): localhost:8080
DEBUG:urllib3.connectionpool:http://localhost:8080 "POST /databases/BD2/queries?query-hash=-8359324596349758771 HTTP/1.1" 200 None
DEBUG:root:Executing query 'FROM UserDocuments WHERE Username = $p0' on index 'dynamic'
DEBUG:urllib3.connectionpool:Starting new HTTP connection (1): localhost:8080
DEBUG:urllib3.connectionpool:http://localhost:8080 "GET /topology?name=BD2 HTTP/1.1" 200 None
DEBUG:urllib3.connectionpool:Starting new HTTP connection (1): localhost:8080
DEBUG:urllib3.connectionpool:http://localhost:8080 "POST /databases/BD2/queries?query-hash=6009882610866422008 HTTP/1.1" 200 None
DEBUG:root:Executing query 'FROM UserDocuments WHERE Username = $p0' on index 'dynamic'
DEBUG:urllib3.connectionpool:Starting new HTTP connection (1): localhost:8080
DEBUG:urllib3.connectionpool:http://localhost:8080 "GET /topology?name=BD2 HTTP/1.1" 200 None
DEBUG:urllib3.connectionpool:Starting new HTTP connection (1): localhost:8080
DEBUG:urllib3.connectionpool:http://localhost:8080 "POST /databases/BD2/queries?query-hash=2765225523677970040 HTTP/1.1" 200 None
DEBUG:root:Executing query 'FROM UserDocuments WHERE Username = $p0' on index 'dynamic'
DEBUG:urllib3.connectionpool:Starting new HTTP connection (1): localhost:8080
DEBUG:urllib3.connectionpool:http://localhost:8080 "GET /topology?name=BD2 HTTP/1.1" 200 None
DEBUG:urllib3.connectionpool:Starting new HTTP connection (1): localhost:8080
DEBUG:urllib3.connectionpool:http://localhost:8080 "POST /databases/BD2/queries?query-hash=-1180738044302820502 HTTP/1.1" 200 None
DEBUG:root:Executing query 'FROM UserDocuments WHERE Username = $p0' on index 'dynamic'
DEBUG:urllib3.connectionpool:Starting new HTTP connection (1): localhost:8080
DEBUG:urllib3.connectionpool:http://localhost:8080 "GET /topology?name=BD2 HTTP/1.1" 200 None
DEBUG:urllib3.connectionpool:Starting new HTTP connection (1): localhost:8080
DEBUG:urllib3.connectionpool:http://localhost:8080 "POST /databases/BD2/queries?query-hash=1665044058152577767 HTTP/1.1" 200 None
DEBUG:root:Executing query 'FROM UserDocuments WHERE Username = $p0' on index 'dynamic'
DEBUG:urllib3.connectionpool:Starting new HTTP connection (1): localhost:8080
DEBUG:urllib3.connectionpool:http://localhost:8080 "GET /topology?name=BD2 HTTP/1.1" 200 None
DEBUG:urllib3.connectionpool:Starting new HTTP connection (1): localhost:8080
DEBUG:urllib3.connectionpool:http://localhost:8080 "POST /databases/BD2/queries?query-hash=-7792168348967351413 HTTP/1.1" 200 None
DEBUG:root:Executing query 'FROM UserDocuments WHERE Username = $p0' on index 'dynamic'
DEBUG:urllib3.connectionpool:Starting new HTTP connection (1): localhost:8080
DEBUG:urllib3.connectionpool:http://localhost:8080 "GET /topology?name=BD2 HTTP/1.1" 200 None
DEBUG:urllib3.connectionpool:Starting new HTTP connection (1): localhost:8080
DEBUG:urllib3.connectionpool:http://localhost:8080 "POST /databases/BD2/queries?query-hash=-6464703299418416969 HTTP/1.1" 200 None
DEBUG:root:Executing query 'FROM UserDocuments WHERE Username = $p0' on index 'dynamic'
DEBUG:urllib3.connectionpool:Starting new HTTP connection (1): localhost:8080
DEBUG:urllib3.connectionpool:http://localhost:8080 "GET /topology?name=BD2 HTTP/1.1" 200 None
DEBUG:urllib3.connectionpool:Starting new HTTP connection (1): localhost:8080
DEBUG:urllib3.connectionpool:http://localhost:8080 "POST /databases/BD2/queries?query-hash=-3524072105163910087 HTTP/1.1" 200 None
DEBUG:root:Executing query 'FROM UserDocuments WHERE Username = $p0' on index 'dynamic'
DEBUG:urllib3.connectionpool:Starting new HTTP connection (1): localhost:8080
DEBUG:urllib3.connectionpool:http://localhost:8080 "GET /topology?name=BD2 HTTP/1.1" 200 None
DEBUG:urllib3.connectionpool:Starting new HTTP connection (1): localhost:8080
DEBUG:urllib3.connectionpool:http://localhost:8080 "POST /databases/BD2/queries?query-hash=3738507511222933446 HTTP/1.1" 200 None
DEBUG:root:Executing query 'FROM UserDocuments WHERE Username = $p0' on index 'dynamic'
DEBUG:urllib3.connectionpool:Starting new HTTP connection (1): localhost:8080
DEBUG:urllib3.connectionpool:http://localhost:8080 "GET /topology?name=BD2 HTTP/1.1" 200 None
DEBUG:urllib3.connectionpool:Starting new HTTP connection (1): localhost:8080
DEBUG:urllib3.connectionpool:http://localhost:8080 "POST /databases/BD2/queries?query-hash=-1855474019322635933 HTTP/1.1" 200 None
DEBUG:root:Executing query 'FROM UserDocuments WHERE Username = $p0' on index 'dynamic'
DEBUG:urllib3.connectionpool:Starting new HTTP connection (1): localhost:8080
DEBUG:urllib3.connectionpool:http://localhost:8080 "GET /topology?name=BD2 HTTP/1.1" 200 None
DEBUG:urllib3.connectionpool:Starting new HTTP connection (1): localhost:8080
DEBUG:urllib3.connectionpool:http://localhost:8080 "POST /databases/BD2/queries?query-hash=-5296793485322919813 HTTP/1.1" 200 None
DEBUG:root:Executing query 'FROM UserDocuments WHERE Username = $p0' on index 'dynamic'
DEBUG:urllib3.connectionpool:Starting new HTTP connection (1): localhost:8080
DEBUG:urllib3.connectionpool:http://localhost:8080 "GET /topology?name=BD2 HTTP/1.1" 200 None
DEBUG:urllib3.connectionpool:Starting new HTTP connection (1): localhost:8080
DEBUG:urllib3.connectionpool:http://localhost:8080 "POST /databases/BD2/queries?query-hash=1687934667667178763 HTTP/1.1" 200 None
DEBUG:root:Executing query 'FROM UserDocuments WHERE Username = $p0' on index 'dynamic'
DEBUG:urllib3.connectionpool:Starting new HTTP connection (1): localhost:8080
DEBUG:urllib3.connectionpool:http://localhost:8080 "GET /topology?name=BD2 HTTP/1.1" 200 None
DEBUG:urllib3.connectionpool:Starting new HTTP connection (1): localhost:8080
DEBUG:urllib3.connectionpool:http://localhost:8080 "POST /databases/BD2/queries?query-hash=1947017360891398364 HTTP/1.1" 200 None
DEBUG:root:Executing query 'FROM UserDocuments WHERE Username = $p0' on index 'dynamic'
DEBUG:urllib3.connectionpool:Starting new HTTP connection (1): localhost:8080
DEBUG:urllib3.connectionpool:http://localhost:8080 "GET /topology?name=BD2 HTTP/1.1" 200 None
DEBUG:urllib3.connectionpool:Starting new HTTP connection (1): localhost:8080
DEBUG:urllib3.connectionpool:http://localhost:8080 "POST /databases/BD2/queries?query-hash=-4016343556269398684 HTTP/1.1" 200 None
DEBUG:root:Executing query 'FROM UserDocuments WHERE Username = $p0' on index 'dynamic'
DEBUG:urllib3.connectionpool:Starting new HTTP connection (1): localhost:8080
DEBUG:urllib3.connectionpool:http://localhost:8080 "GET /topology?name=BD2 HTTP/1.1" 200 None
DEBUG:urllib3.connectionpool:Starting new HTTP connection (1): localhost:8080
DEBUG:urllib3.connectionpool:http://localhost:8080 "POST /databases/BD2/queries?query-hash=-776522199200057583 HTTP/1.1" 200 None
DEBUG:urllib3.connectionpool:Starting new HTTP connection (1): localhost:8080
DEBUG:urllib3.connectionpool:http://localhost:8080 "GET /topology?name=BD2 HTTP/1.1" 200 None
DEBUG:urllib3.connectionpool:Starting new HTTP connection (1): localhost:8080
DEBUG:urllib3.connectionpool:http://localhost:8080 "GET /topology?name=BD2 HTTP/1.1" 200 None
DEBUG:urllib3.connectionpool:Starting new HTTP connection (1): localhost:8080
DEBUG:urllib3.connectionpool:http://localhost:8080 "GET /topology?name=BD2 HTTP/1.1" 200 None
DEBUG:urllib3.connectionpool:Starting new HTTP connection (1): localhost:8080
DEBUG:urllib3.connectionpool:http://localhost:8080 "GET /topology?name=BD2 HTTP/1.1" 200 None
DEBUG:root:Executing query 'FROM UserDocuments WHERE Username = $p0' on index 'dynamic'
DEBUG:urllib3.connectionpool:Starting new HTTP connection (1): localhost:8080
DEBUG:urllib3.connectionpool:http://localhost:8080 "GET /topology?name=BD2 HTTP/1.1" 200 None
DEBUG:urllib3.connectionpool:Starting new HTTP connection (1): localhost:8080
DEBUG:urllib3.connectionpool:http://localhost:8080 "POST /databases/BD2/queries?query-hash=1134500612125180401 HTTP/1.1" 200 None
DEBUG:root:Executing query 'FROM UserDocuments WHERE Username = $p0' on index 'dynamic'
DEBUG:urllib3.connectionpool:Starting new HTTP connection (1): localhost:8080
DEBUG:urllib3.connectionpool:http://localhost:8080 "POST /databases/BD2/queries?query-hash=1134500612125180401 HTTP/1.1" 200 None
DEBUG:root:Executing query 'FROM UserDocuments WHERE Username = $p0' on index 'dynamic'
DEBUG:urllib3.connectionpool:Starting new HTTP connection (1): localhost:8080
DEBUG:urllib3.connectionpool:http://localhost:8080 "GET /topology?name=BD2 HTTP/1.1" 200 None
DEBUG:urllib3.connectionpool:Starting new HTTP connection (1): localhost:8080
DEBUG:urllib3.connectionpool:http://localhost:8080 "POST /databases/BD2/queries?query-hash=2213999105536679026 HTTP/1.1" 200 None
DEBUG:urllib3.connectionpool:Starting new HTTP connection (1): localhost:8080
DEBUG:urllib3.connectionpool:http://localhost:8080 "GET /topology?name=BD2 HTTP/1.1" 200 None
DEBUG:root:Executing query 'FROM UserDocuments WHERE Username = $p0' on index 'dynamic'
DEBUG:urllib3.connectionpool:Starting new HTTP connection (1): localhost:8080
DEBUG:urllib3.connectionpool:http://localhost:8080 "POST /databases/BD2/queries?query-hash=6611479780293598739 HTTP/1.1" 200 None
DEBUG:root:Executing query 'FROM UserDocuments WHERE Username = $p0' on index 'dynamic'
DEBUG:urllib3.connectionpool:Starting new HTTP connection (1): localhost:8080
DEBUG:urllib3.connectionpool:http://localhost:8080 "POST /databases/BD2/queries?query-hash=6611479780293598739 HTTP/1.1" 200 None
DEBUG:root:Executing query 'FROM UserDocuments WHERE Username = $p0' on index 'dynamic'
DEBUG:urllib3.connectionpool:Starting new HTTP connection (1): localhost:8080
DEBUG:urllib3.connectionpool:http://localhost:8080 "POST /databases/BD2/queries?query-hash=6611479780293598739 HTTP/1.1" 200 None
DEBUG:urllib3.connectionpool:Starting new HTTP connection (1): localhost:8080
DEBUG:urllib3.connectionpool:http://localhost:8080 "GET /topology?name=BD2 HTTP/1.1" 200 None
DEBUG:root:Executing query 'FROM UserDocuments WHERE Username = $p0' on index 'dynamic'
DEBUG:urllib3.connectionpool:Starting new HTTP connection (1): localhost:8080
DEBUG:urllib3.connectionpool:http://localhost:8080 "POST /databases/BD2/queries?query-hash=2759916307702887626 HTTP/1.1" 200 None
DEBUG:urllib3.connectionpool:Starting new HTTP connection (1): localhost:8080
DEBUG:urllib3.connectionpool:http://localhost:8080 "GET /topology?name=BD2 HTTP/1.1" 200 None
DEBUG:root:Executing query 'FROM UserDocuments WHERE Username = $p0' on index 'dynamic'
DEBUG:urllib3.connectionpool:Starting new HTTP connection (1): localhost:8080
DEBUG:urllib3.connectionpool:http://localhost:8080 "POST /databases/BD2/queries?query-hash=-5256985654583483288 HTTP/1.1" 200 None
DEBUG:root:Executing query 'FROM UserDocuments WHERE Username = $p0' on index 'dynamic'
DEBUG:urllib3.connectionpool:Starting new HTTP connection (1): localhost:8080
DEBUG:urllib3.connectionpool:http://localhost:8080 "GET /topology?name=BD2 HTTP/1.1" 200 None
DEBUG:urllib3.connectionpool:Starting new HTTP connection (1): localhost:8080
DEBUG:urllib3.connectionpool:http://localhost:8080 "POST /databases/BD2/queries?query-hash=1919884073960462039 HTTP/1.1" 200 None
DEBUG:urllib3.connectionpool:Starting new HTTP connection (1): localhost:8080
DEBUG:urllib3.connectionpool:http://localhost:8080 "POST /databases/BD2/bulk_docs HTTP/1.1" 201 None
DEBUG:root:Executing query 'FROM UserDocuments WHERE Username = $p0' on index 'dynamic'
DEBUG:urllib3.connectionpool:Starting new HTTP connection (1): localhost:8080
DEBUG:urllib3.connectionpool:http://localhost:8080 "POST /databases/BD2/queries?query-hash=1919884073960462039 HTTP/1.1" 200 None
DEBUG:root:Executing query 'FROM UserDocuments WHERE Accuracy < $p0' on index 'dynamic'
DEBUG:urllib3.connectionpool:Starting new HTTP connection (1): localhost:8080
DEBUG:urllib3.connectionpool:http://localhost:8080 "GET /topology?name=BD2 HTTP/1.1" 200 None
DEBUG:urllib3.connectionpool:Starting new HTTP connection (1): localhost:8080
DEBUG:urllib3.connectionpool:http://localhost:8080 "POST /databases/BD2/queries?query-hash=7462175881576397696 HTTP/1.1" 200 None
DEBUG:root:Executing query 'FROM UserDocuments WHERE Accuracy >= $p0' on index 'dynamic'
DEBUG:urllib3.connectionpool:Starting new HTTP connection (1): localhost:8080
DEBUG:urllib3.connectionpool:http://localhost:8080 "POST /databases/BD2/queries?query-hash=-2342776031038588154 HTTP/1.1" 200 None
DEBUG:root:Executing query 'FROM UserDocuments WHERE Accuracy < $p0' on index 'dynamic'
DEBUG:urllib3.connectionpool:Starting new HTTP connection (1): localhost:8080
DEBUG:urllib3.connectionpool:http://localhost:8080 "GET /topology?name=BD2 HTTP/1.1" 200 None
DEBUG:urllib3.connectionpool:Starting new HTTP connection (1): localhost:8080
DEBUG:urllib3.connectionpool:http://localhost:8080 "POST /databases/BD2/queries?query-hash=-1112798275901134311 HTTP/1.1" 200 None
DEBUG:urllib3.connectionpool:Starting new HTTP connection (1): localhost:8080
DEBUG:urllib3.connectionpool:http://localhost:8080 "GET /topology?name=BD2 HTTP/1.1" 200 None
DEBUG:urllib3.connectionpool:Starting new HTTP connection (1): localhost:8080
DEBUG:urllib3.connectionpool:http://localhost:8080 "GET /databases/BD2/docs?&id=users%2FTeste HTTP/1.1" 404 0
DEBUG:urllib3.connectionpool:Starting new HTTP connection (1): localhost:8080
DEBUG:urllib3.connectionpool:http://localhost:8080 "POST /databases/BD2/bulk_docs HTTP/1.1" 201 None
